#
# There is insufficient memory for the Java Runtime Environment to continue.
# Native memory allocation (mmap) failed to map 65536 bytes. Error detail: Failed to commit metaspace.
# Possible reasons:
#   The system is out of physical RAM or swap space
#   This process is running with CompressedOops enabled, and the Java Heap may be blocking the growth of the native heap
# Possible solutions:
#   Reduce memory load on the system
#   Increase physical memory or swap space
#   Check if swap backing store is full
#   Decrease Java heap size (-Xmx/-Xms)
#   Decrease number of Java threads
#   Decrease Java thread stack sizes (-Xss)
#   Set larger code cache with -XX:ReservedCodeCacheSize=
#   JVM is running with Unscaled Compressed Oops mode in which the Java heap is
#     placed in the first 4GB address space. The Java Heap base address is the
#     maximum limit for the native heap growth. Please use -XX:HeapBaseMinAddress
#     to set the Java Heap base and to place the Java Heap above 4GB virtual address.
# This output file may be truncated or incomplete.
#
#  Out of Memory Error (virtualSpaceNode.cpp:113), pid=304, tid=7244
#
# JRE version: OpenJDK Runtime Environment JBR-21.0.6+9-895.109-jcef (21.0.6+9) (build 21.0.6+9-b895.109)
# Java VM: OpenJDK 64-Bit Server VM JBR-21.0.6+9-895.109-jcef (21.0.6+9-b895.109, mixed mode, sharing, tiered, compressed oops, compressed class ptrs, g1 gc, windows-amd64)
# No core dump will be written. Minidumps are not enabled by default on client versions of Windows
#

---------------  S U M M A R Y ------------

Command Line: git4idea.http.GitAskPassApp Password for 'https://matheuskaiky@github.com': 

Host: Intel(R) Core(TM) i5-7300U CPU @ 2.60GHz, 4 cores, 7G,  Windows 11 , 64 bit Build 26100 (10.0.26100.4768)
Time: Sun Aug 24 01:04:27 2025 Hora Padrão de Buenos Aires elapsed time: 1.788833 seconds (0d 0h 0m 1s)

---------------  T H R E A D  ---------------

Current thread (0x000002115b0b2540):  JavaThread "HttpClient-1-Worker-0" daemon [_thread_in_vm, id=7244, stack(0x000000e8fb000000,0x000000e8fb100000) (1024K)]

Stack: [0x000000e8fb000000,0x000000e8fb100000]
Native frames: (J=compiled Java code, j=interpreted, Vv=VM code, C=native code)
V  [jvm.dll+0x6e5cb9]
V  [jvm.dll+0x8c4113]
V  [jvm.dll+0x8c666e]
V  [jvm.dll+0x8c6d53]
V  [jvm.dll+0x288f76]
V  [jvm.dll+0x8bef5e]
V  [jvm.dll+0x6869b5]
V  [jvm.dll+0x686a1a]
V  [jvm.dll+0x689236]
V  [jvm.dll+0x689102]
V  [jvm.dll+0x68736e]
V  [jvm.dll+0x273ad7]
V  [jvm.dll+0x218c87]
V  [jvm.dll+0x21dcf4]
V  [jvm.dll+0x2131b9]
V  [jvm.dll+0x5c44b3]
V  [jvm.dll+0x224bfb]
V  [jvm.dll+0x83ae5c]
V  [jvm.dll+0x83bf02]
V  [jvm.dll+0x83c4c4]
V  [jvm.dll+0x83c158]
V  [jvm.dll+0x2760ab]
V  [jvm.dll+0x2762c5]
V  [jvm.dll+0x5e73b7]
V  [jvm.dll+0x5ea4ae]
V  [jvm.dll+0x3e7610]
V  [jvm.dll+0x3e6c8d]
C  0x000002110b4b9775

The last pc belongs to invokestatic (printed below).
Java frames: (J=compiled Java code, j=interpreted, Vv=VM code)
j  sun.security.ssl.HKDF.<init>(Ljava/lang/String;)V+40 java.base@21.0.6
j  sun.security.ssl.KAKeyDerivation.t13DeriveKey(Ljava/lang/String;Ljava/security/spec/AlgorithmParameterSpec;)Ljavax/crypto/SecretKey;+64 java.base@21.0.6
j  sun.security.ssl.KAKeyDerivation.deriveKey(Ljava/lang/String;Ljava/security/spec/AlgorithmParameterSpec;)Ljavax/crypto/SecretKey;+23 java.base@21.0.6
j  sun.security.ssl.ServerHello$T13ServerHelloConsumer.consume(Lsun/security/ssl/ConnectionContext;Lsun/security/ssl/SSLHandshake$HandshakeMessage;)V+274 java.base@21.0.6
j  sun.security.ssl.ServerHello$ServerHelloConsumer.onServerHello(Lsun/security/ssl/ClientHandshakeContext;Lsun/security/ssl/ServerHello$ServerHelloMessage;)V+291 java.base@21.0.6
j  sun.security.ssl.ServerHello$ServerHelloConsumer.consume(Lsun/security/ssl/ConnectionContext;Ljava/nio/ByteBuffer;)V+136 java.base@21.0.6
j  sun.security.ssl.SSLHandshake.consume(Lsun/security/ssl/ConnectionContext;Ljava/nio/ByteBuffer;)V+13 java.base@21.0.6
j  sun.security.ssl.HandshakeContext.dispatch(BLjava/nio/ByteBuffer;)V+90 java.base@21.0.6
j  sun.security.ssl.SSLEngineImpl$DelegatedTask$DelegatedAction.run()Ljava/lang/Void;+60 java.base@21.0.6
j  sun.security.ssl.SSLEngineImpl$DelegatedTask$DelegatedAction.run()Ljava/lang/Object;+1 java.base@21.0.6
j  java.security.AccessController.executePrivileged(Ljava/security/PrivilegedExceptionAction;Ljava/security/AccessControlContext;Ljava/lang/Class;)Ljava/lang/Object;+29 java.base@21.0.6
j  java.security.AccessController.doPrivileged(Ljava/security/PrivilegedExceptionAction;Ljava/security/AccessControlContext;)Ljava/lang/Object;+13 java.base@21.0.6
j  sun.security.ssl.SSLEngineImpl$DelegatedTask.run()V+66 java.base@21.0.6
j  jdk.internal.net.http.common.SSLFlowDelegate$$Lambda+0x0000021116100480.accept(Ljava/lang/Object;)V+4 java.net.http@21.0.6
j  java.util.ArrayList.forEach(Ljava/util/function/Consumer;)V+46 java.base@21.0.6
j  jdk.internal.net.http.common.SSLFlowDelegate.lambda$executeTasks$3(Ljava/util/List;)V+40 java.net.http@21.0.6
j  jdk.internal.net.http.common.SSLFlowDelegate$$Lambda+0x0000021116100248.run()V+8 java.net.http@21.0.6
j  jdk.internal.net.http.HttpClientImpl$DelegatingExecutor.execute(Ljava/lang/Runnable;)V+21 java.net.http@21.0.6
j  jdk.internal.net.http.common.SSLFlowDelegate.executeTasks(Ljava/util/List;)V+11 java.net.http@21.0.6
j  jdk.internal.net.http.common.SSLFlowDelegate.doHandshake(Ljdk/internal/net/http/common/SSLFlowDelegate$EngineResult;I)Z+154 java.net.http@21.0.6
j  jdk.internal.net.http.common.SSLFlowDelegate$Reader.processData()V+593 java.net.http@21.0.6
j  jdk.internal.net.http.common.SSLFlowDelegate$Reader$ReaderDownstreamPusher.run()V+4 java.net.http@21.0.6
j  jdk.internal.net.http.common.SequentialScheduler$LockingRestartableTask.run()V+34 java.net.http@21.0.6
j  jdk.internal.net.http.common.SequentialScheduler$CompleteRestartableTask.run(Ljdk/internal/net/http/common/SequentialScheduler$DeferredCompleter;)V+1 java.net.http@21.0.6
j  jdk.internal.net.http.common.SequentialScheduler$SchedulableTask.run()V+14 java.net.http@21.0.6
j  java.util.concurrent.ThreadPoolExecutor.runWorker(Ljava/util/concurrent/ThreadPoolExecutor$Worker;)V+92 java.base@21.0.6
j  java.util.concurrent.ThreadPoolExecutor$Worker.run()V+5 java.base@21.0.6
j  java.lang.Thread.runWith(Ljava/lang/Object;Ljava/lang/Runnable;)V+5 java.base@21.0.6
j  java.lang.Thread.run()V+19 java.base@21.0.6
v  ~StubRoutines::call_stub 0x000002110b4a100d
invokestatic  184 invokestatic  [0x000002110b4b96c0, 0x000002110b4b9988]  712 bytes
[MachCode]
  0x000002110b4b96c0: 4883 ec08 | c5fa 1104 | 24eb 1f48 | 83ec 10c5 | fb11 0424 | eb14 4883 | ec10 4889 | 0424 48c7 
  0x000002110b4b96e0: 4424 0800 | 0000 00eb | 0150 4c89 | 6dc0 410f | b755 0148 | 8b4d d0c1 | e202 8b5c | d138 c1eb 
  0x000002110b4b9700: 1081 e3ff | 0000 0081 | fbb8 0000 | 000f 84b4 | 0000 00bb | b800 0000 | e805 0000 | 00e9 9900 
  0x000002110b4b9720: 0000 488b | d348 8d44 | 2408 4c89 | 6dc0 498b | cfc5 f877 | 4989 afa8 | 0300 0049 | 8987 9803 
  0x000002110b4b9740: 0000 4883 | ec20 40f6 | c40f 0f84 | 1900 0000 | 4883 ec08 | 48b8 206c | 5153 f97f | 0000 ffd0 
  0x000002110b4b9760: 4883 c408 | e90c 0000 | 0048 b820 | 6c51 53f9 | 7f00 00ff | d048 83c4 | 2049 c787 | 9803 0000 
  0x000002110b4b9780: 0000 0000 | 49c7 87a8 | 0300 0000 | 0000 0049 | c787 a003 | 0000 0000 | 0000 c5f8 | 7749 837f 
  0x000002110b4b97a0: 0800 0f84 | 0500 0000 | e953 77fe | ff4c 8b6d | c04c 8b75 | c84e 8d74 | f500 c341 | 0fb7 5501 
  0x000002110b4b97c0: 488b 4dd0 | c1e2 0248 | 8b5c d140 | 488b 5b08 | 488b 5b08 | 488b 5b18 | 80bb 4101 | 0000 040f 
  0x000002110b4b97e0: 840d 0000 | 004c 3bbb | 4801 0000 | 0f85 21ff | ffff 488b | 5cd1 408b | 54d1 50c1 | ea1c 49ba 
  0x000002110b4b9800: d0e7 e053 | f97f 0000 | 498b 14d2 | 5248 8b45 | d848 85c0 | 0f84 1200 | 0000 4883 | 4008 0148 
  0x000002110b4b9820: 8358 0800 | 4883 c010 | 4889 45d8 | 488b 45d8 | 4885 c00f | 843d 0100 | 0080 78f0 | 0a0f 8533 
  0x000002110b4b9840: 0100 0048 | 83c0 084c | 8b68 f841 | 83ed 0041 | 83fd 020f | 8c12 0100 | 004c 8b6b | 0845 0fb7 
  0x000002110b4b9860: 6d2e 4c2b | 2841 83ed | 014e 8b6c | ec08 4d85 | ed75 0ef6 | 4008 0175 | 58f0 4883 | 4808 01eb 
  0x000002110b4b9880: 5045 8b6d | 0849 ba00 | 0000 1511 | 0200 004d | 03ea 4d8b | d54c 3368 | 0849 f7c5 | fcff ffff 
  0x000002110b4b98a0: 742f 41f6 | c502 7529 | 4883 7808 | 0074 1e48 | 8378 0801 | 7417 4d8b | ea4c 3368 | 0849 f7c5 
  0x000002110b4b98c0: fcff ffff | 740b 4883 | 4808 02eb | 044c 8968 | 0848 83c0 | 104c 8b68 | e841 83ed | 0241 83fd 
  0x000002110b4b98e0: 020f 8c84 | 0000 004c | 8b6b 0845 | 0fb7 6d2e | 4c2b 2841 | 83ed 014e | 8b6c ec08 | 4d85 ed75 
  0x000002110b4b9900: 0ef6 4008 | 0175 58f0 | 4883 4808 | 01eb 5045 | 8b6d 0849 | ba00 0000 | 1511 0200 | 004d 03ea 
  0x000002110b4b9920: 4d8b d54c | 3368 0849 | f7c5 fcff | ffff 742f | 41f6 c502 | 7529 4883 | 7808 0074 | 1e48 8378 
  0x000002110b4b9940: 0801 7417 | 4d8b ea4c | 3368 0849 | f7c5 fcff | ffff 740b | 4883 4808 | 02eb 044c | 8968 0848 
  0x000002110b4b9960: 83c0 104c | 8b68 d841 | 83ed 0441 | c1e5 0349 | 03c5 4889 | 45d8 4c8d | 6c24 084c | 896d f0ff 
  0x000002110b4b9980: 6368 660f | 1f44 0000 
[/MachCode]

---------------  P R O C E S S  ---------------

Threads class SMR info:
_java_thread_list=0x000002115b07c220, length=15, elements={
0x000002117ce19830, 0x000002117fb40e70, 0x000002117fb42df0, 0x000002117fb48680,
0x000002117fb490d0, 0x000002117fb49b20, 0x000002117fb4a570, 0x000002117fb4b2f0,
0x000002117fb52b50, 0x000002115622b2d0, 0x0000021156239b20, 0x0000021156498670,
0x000002115b0b2540, 0x000002115b1c6270, 0x000002115b0d8500
}

Java Threads: ( => current thread )
  0x000002117ce19830 JavaThread "main"                              [_thread_blocked, id=23852, stack(0x000000e8f9c00000,0x000000e8f9d00000) (1024K)]
  0x000002117fb40e70 JavaThread "Reference Handler"          daemon [_thread_blocked, id=4368, stack(0x000000e8fa400000,0x000000e8fa500000) (1024K)]
  0x000002117fb42df0 JavaThread "Finalizer"                  daemon [_thread_blocked, id=7488, stack(0x000000e8fa500000,0x000000e8fa600000) (1024K)]
  0x000002117fb48680 JavaThread "Signal Dispatcher"          daemon [_thread_blocked, id=1064, stack(0x000000e8fa600000,0x000000e8fa700000) (1024K)]
  0x000002117fb490d0 JavaThread "Attach Listener"            daemon [_thread_blocked, id=9884, stack(0x000000e8fa700000,0x000000e8fa800000) (1024K)]
  0x000002117fb49b20 JavaThread "Service Thread"             daemon [_thread_blocked, id=5452, stack(0x000000e8fa800000,0x000000e8fa900000) (1024K)]
  0x000002117fb4a570 JavaThread "Monitor Deflation Thread"   daemon [_thread_blocked, id=10000, stack(0x000000e8fa900000,0x000000e8faa00000) (1024K)]
  0x000002117fb4b2f0 JavaThread "C2 CompilerThread0"         daemon [_thread_blocked, id=8068, stack(0x000000e8faa00000,0x000000e8fab00000) (1024K)]
  0x000002117fb52b50 JavaThread "C1 CompilerThread0"         daemon [_thread_blocked, id=23232, stack(0x000000e8fab00000,0x000000e8fac00000) (1024K)]
  0x000002115622b2d0 JavaThread "Notification Thread"        daemon [_thread_blocked, id=20968, stack(0x000000e8fac00000,0x000000e8fad00000) (1024K)]
  0x0000021156239b20 JavaThread "Common-Cleaner"             daemon [_thread_blocked, id=22804, stack(0x000000e8fad00000,0x000000e8fae00000) (1024K)]
  0x0000021156498670 JavaThread "HttpClient-1-SelectorManager" daemon [_thread_in_native, id=13708, stack(0x000000e8fae00000,0x000000e8faf00000) (1024K)]
=>0x000002115b0b2540 JavaThread "HttpClient-1-Worker-0"      daemon [_thread_in_vm, id=7244, stack(0x000000e8fb000000,0x000000e8fb100000) (1024K)]
  0x000002115b1c6270 JavaThread "HttpClient-1-Worker-1"      daemon [_thread_blocked, id=22180, stack(0x000000e8fb100000,0x000000e8fb200000) (1024K)]
  0x000002115b0d8500 JavaThread "C2 CompilerThread1"         daemon [_thread_in_native, id=2620, stack(0x000000e8fb500000,0x000000e8fb600000) (1024K)]
Total: 15

Other Threads:
  0x000002117fb20960 VMThread "VM Thread"                           [id=9532, stack(0x000000e8fa300000,0x000000e8fa400000) (1024K)]
  0x000002117fb0e520 WatcherThread "VM Periodic Task Thread"        [id=8420, stack(0x000000e8fa200000,0x000000e8fa300000) (1024K)]
  0x000002117ce6fe60 WorkerThread "GC Thread#0"                     [id=15728, stack(0x000000e8f9d00000,0x000000e8f9e00000) (1024K)]
  0x000002115b1a0e30 WorkerThread "GC Thread#1"                     [id=11252, stack(0x000000e8fb200000,0x000000e8fb300000) (1024K)]
  0x000002115b1a11d0 WorkerThread "GC Thread#2"                     [id=9512, stack(0x000000e8fb300000,0x000000e8fb400000) (1024K)]
  0x000002115b0ceec0 WorkerThread "GC Thread#3"                     [id=14000, stack(0x000000e8fb400000,0x000000e8fb500000) (1024K)]
  0x000002117ce80ac0 ConcurrentGCThread "G1 Main Marker"            [id=18376, stack(0x000000e8f9e00000,0x000000e8f9f00000) (1024K)]
  0x000002117ce815c0 WorkerThread "G1 Conc#0"                       [id=21208, stack(0x000000e8f9f00000,0x000000e8fa000000) (1024K)]
  0x000002117cede420 ConcurrentGCThread "G1 Refine#0"               [id=12004, stack(0x000000e8fa000000,0x000000e8fa100000) (1024K)]
  0x000002117f9dd130 ConcurrentGCThread "G1 Service"                [id=9972, stack(0x000000e8fa100000,0x000000e8fa200000) (1024K)]
Total: 10

Threads with active compile tasks:
C2 CompilerThread1  1994 1114       4       sun.security.ec.ECOperations::setDouble (463 bytes)
Total: 1

VM state: not at safepoint (normal execution)

VM Mutex/Monitor currently owned by a thread:  ([mutex/lock_event])
[0x00007ff953dfc830] Metaspace_lock - owner thread: 0x000002115b0b2540

Heap address: 0x0000000081c00000, size: 2020 MB, Compressed Oops mode: 32-bit

CDS archive(s) mapped at: [0x0000021115000000-0x0000021115d00000-0x0000021115d00000), size 13631488, SharedBaseAddress: 0x0000021115000000, ArchiveRelocationMode: 1.
Compressed class space mapped at: 0x0000021116000000-0x0000021156000000, reserved size: 1073741824
Narrow klass base: 0x0000021115000000, Narrow klass shift: 0, Narrow klass range: 0x100000000

GC Precious Log:
 CardTable entry size: 512
 Card Set container configuration: InlinePtr #cards 5 size 8 Array Of Cards #cards 12 size 40 Howl #buckets 4 coarsen threshold 1843 Howl Bitmap #cards 512 size 80 coarsen threshold 460 Card regions per heap region 1 cards per card region 2048
 CPUs: 4 total, 4 available
 Memory: 8072M
 Large Page Support: Disabled
 NUMA Support: Disabled
 Compressed Oops: Enabled (32-bit)
 Heap Region Size: 1M
 Heap Min Capacity: 8M
 Heap Initial Capacity: 128M
 Heap Max Capacity: 2020M
 Pre-touch: Disabled
 Parallel Workers: 4
 Concurrent Workers: 1
 Concurrent Refinement Workers: 4
 Periodic GC: Disabled

Heap:
 garbage-first heap   total 131072K, used 3374K [0x0000000081c00000, 0x0000000100000000)
  region size 1024K, 4 young (4096K), 2 survivors (2048K)
 Metaspace       used 8209K, committed 8448K, reserved 1114112K
  class space    used 944K, committed 1088K, reserved 1048576K

Heap Regions: E=young(eden), S=young(survivor), O=old, HS=humongous(starts), HC=humongous(continues), CS=collection set, F=free, TAMS=top-at-mark-start, PB=parsable bottom
|   0|0x0000000081c00000, 0x0000000081c4ba70, 0x0000000081d00000| 29%| O|  |TAMS 0x0000000081c00000| PB 0x0000000081c00000| Untracked 
|   1|0x0000000081d00000, 0x0000000081d00000, 0x0000000081e00000|  0%| F|  |TAMS 0x0000000081d00000| PB 0x0000000081d00000| Untracked 
|   2|0x0000000081e00000, 0x0000000081e00000, 0x0000000081f00000|  0%| F|  |TAMS 0x0000000081e00000| PB 0x0000000081e00000| Untracked 
|   3|0x0000000081f00000, 0x0000000081f00000, 0x0000000082000000|  0%| F|  |TAMS 0x0000000081f00000| PB 0x0000000081f00000| Untracked 
|   4|0x0000000082000000, 0x0000000082000000, 0x0000000082100000|  0%| F|  |TAMS 0x0000000082000000| PB 0x0000000082000000| Untracked 
|   5|0x0000000082100000, 0x0000000082100000, 0x0000000082200000|  0%| F|  |TAMS 0x0000000082100000| PB 0x0000000082100000| Untracked 
|   6|0x0000000082200000, 0x0000000082200000, 0x0000000082300000|  0%| F|  |TAMS 0x0000000082200000| PB 0x0000000082200000| Untracked 
|   7|0x0000000082300000, 0x0000000082300000, 0x0000000082400000|  0%| F|  |TAMS 0x0000000082300000| PB 0x0000000082300000| Untracked 
|   8|0x0000000082400000, 0x0000000082400000, 0x0000000082500000|  0%| F|  |TAMS 0x0000000082400000| PB 0x0000000082400000| Untracked 
|   9|0x0000000082500000, 0x0000000082500000, 0x0000000082600000|  0%| F|  |TAMS 0x0000000082500000| PB 0x0000000082500000| Untracked 
|  10|0x0000000082600000, 0x0000000082600000, 0x0000000082700000|  0%| F|  |TAMS 0x0000000082600000| PB 0x0000000082600000| Untracked 
|  11|0x0000000082700000, 0x0000000082700000, 0x0000000082800000|  0%| F|  |TAMS 0x0000000082700000| PB 0x0000000082700000| Untracked 
|  12|0x0000000082800000, 0x0000000082800000, 0x0000000082900000|  0%| F|  |TAMS 0x0000000082800000| PB 0x0000000082800000| Untracked 
|  13|0x0000000082900000, 0x0000000082900000, 0x0000000082a00000|  0%| F|  |TAMS 0x0000000082900000| PB 0x0000000082900000| Untracked 
|  14|0x0000000082a00000, 0x0000000082a00000, 0x0000000082b00000|  0%| F|  |TAMS 0x0000000082a00000| PB 0x0000000082a00000| Untracked 
|  15|0x0000000082b00000, 0x0000000082b00000, 0x0000000082c00000|  0%| F|  |TAMS 0x0000000082b00000| PB 0x0000000082b00000| Untracked 
|  16|0x0000000082c00000, 0x0000000082c00000, 0x0000000082d00000|  0%| F|  |TAMS 0x0000000082c00000| PB 0x0000000082c00000| Untracked 
|  17|0x0000000082d00000, 0x0000000082d00000, 0x0000000082e00000|  0%| F|  |TAMS 0x0000000082d00000| PB 0x0000000082d00000| Untracked 
|  18|0x0000000082e00000, 0x0000000082e00000, 0x0000000082f00000|  0%| F|  |TAMS 0x0000000082e00000| PB 0x0000000082e00000| Untracked 
|  19|0x0000000082f00000, 0x0000000082f00000, 0x0000000083000000|  0%| F|  |TAMS 0x0000000082f00000| PB 0x0000000082f00000| Untracked 
|  20|0x0000000083000000, 0x0000000083000000, 0x0000000083100000|  0%| F|  |TAMS 0x0000000083000000| PB 0x0000000083000000| Untracked 
|  21|0x0000000083100000, 0x0000000083100000, 0x0000000083200000|  0%| F|  |TAMS 0x0000000083100000| PB 0x0000000083100000| Untracked 
|  22|0x0000000083200000, 0x0000000083200000, 0x0000000083300000|  0%| F|  |TAMS 0x0000000083200000| PB 0x0000000083200000| Untracked 
|  23|0x0000000083300000, 0x0000000083300000, 0x0000000083400000|  0%| F|  |TAMS 0x0000000083300000| PB 0x0000000083300000| Untracked 
|  24|0x0000000083400000, 0x0000000083400000, 0x0000000083500000|  0%| F|  |TAMS 0x0000000083400000| PB 0x0000000083400000| Untracked 
|  25|0x0000000083500000, 0x0000000083500000, 0x0000000083600000|  0%| F|  |TAMS 0x0000000083500000| PB 0x0000000083500000| Untracked 
|  26|0x0000000083600000, 0x0000000083600000, 0x0000000083700000|  0%| F|  |TAMS 0x0000000083600000| PB 0x0000000083600000| Untracked 
|  27|0x0000000083700000, 0x0000000083700000, 0x0000000083800000|  0%| F|  |TAMS 0x0000000083700000| PB 0x0000000083700000| Untracked 
|  28|0x0000000083800000, 0x0000000083800000, 0x0000000083900000|  0%| F|  |TAMS 0x0000000083800000| PB 0x0000000083800000| Untracked 
|  29|0x0000000083900000, 0x0000000083900000, 0x0000000083a00000|  0%| F|  |TAMS 0x0000000083900000| PB 0x0000000083900000| Untracked 
|  30|0x0000000083a00000, 0x0000000083a00000, 0x0000000083b00000|  0%| F|  |TAMS 0x0000000083a00000| PB 0x0000000083a00000| Untracked 
|  31|0x0000000083b00000, 0x0000000083b00000, 0x0000000083c00000|  0%| F|  |TAMS 0x0000000083b00000| PB 0x0000000083b00000| Untracked 
|  32|0x0000000083c00000, 0x0000000083c00000, 0x0000000083d00000|  0%| F|  |TAMS 0x0000000083c00000| PB 0x0000000083c00000| Untracked 
|  33|0x0000000083d00000, 0x0000000083d00000, 0x0000000083e00000|  0%| F|  |TAMS 0x0000000083d00000| PB 0x0000000083d00000| Untracked 
|  34|0x0000000083e00000, 0x0000000083e00000, 0x0000000083f00000|  0%| F|  |TAMS 0x0000000083e00000| PB 0x0000000083e00000| Untracked 
|  35|0x0000000083f00000, 0x0000000083f00000, 0x0000000084000000|  0%| F|  |TAMS 0x0000000083f00000| PB 0x0000000083f00000| Untracked 
|  36|0x0000000084000000, 0x0000000084000000, 0x0000000084100000|  0%| F|  |TAMS 0x0000000084000000| PB 0x0000000084000000| Untracked 
|  37|0x0000000084100000, 0x0000000084100000, 0x0000000084200000|  0%| F|  |TAMS 0x0000000084100000| PB 0x0000000084100000| Untracked 
|  38|0x0000000084200000, 0x0000000084200000, 0x0000000084300000|  0%| F|  |TAMS 0x0000000084200000| PB 0x0000000084200000| Untracked 
|  39|0x0000000084300000, 0x0000000084300000, 0x0000000084400000|  0%| F|  |TAMS 0x0000000084300000| PB 0x0000000084300000| Untracked 
|  40|0x0000000084400000, 0x0000000084400000, 0x0000000084500000|  0%| F|  |TAMS 0x0000000084400000| PB 0x0000000084400000| Untracked 
|  41|0x0000000084500000, 0x0000000084500000, 0x0000000084600000|  0%| F|  |TAMS 0x0000000084500000| PB 0x0000000084500000| Untracked 
|  42|0x0000000084600000, 0x0000000084600000, 0x0000000084700000|  0%| F|  |TAMS 0x0000000084600000| PB 0x0000000084600000| Untracked 
|  43|0x0000000084700000, 0x0000000084700000, 0x0000000084800000|  0%| F|  |TAMS 0x0000000084700000| PB 0x0000000084700000| Untracked 
|  44|0x0000000084800000, 0x0000000084800000, 0x0000000084900000|  0%| F|  |TAMS 0x0000000084800000| PB 0x0000000084800000| Untracked 
|  45|0x0000000084900000, 0x0000000084900000, 0x0000000084a00000|  0%| F|  |TAMS 0x0000000084900000| PB 0x0000000084900000| Untracked 
|  46|0x0000000084a00000, 0x0000000084a00000, 0x0000000084b00000|  0%| F|  |TAMS 0x0000000084a00000| PB 0x0000000084a00000| Untracked 
|  47|0x0000000084b00000, 0x0000000084b00000, 0x0000000084c00000|  0%| F|  |TAMS 0x0000000084b00000| PB 0x0000000084b00000| Untracked 
|  48|0x0000000084c00000, 0x0000000084c00000, 0x0000000084d00000|  0%| F|  |TAMS 0x0000000084c00000| PB 0x0000000084c00000| Untracked 
|  49|0x0000000084d00000, 0x0000000084d00000, 0x0000000084e00000|  0%| F|  |TAMS 0x0000000084d00000| PB 0x0000000084d00000| Untracked 
|  50|0x0000000084e00000, 0x0000000084e00000, 0x0000000084f00000|  0%| F|  |TAMS 0x0000000084e00000| PB 0x0000000084e00000| Untracked 
|  51|0x0000000084f00000, 0x0000000084f00000, 0x0000000085000000|  0%| F|  |TAMS 0x0000000084f00000| PB 0x0000000084f00000| Untracked 
|  52|0x0000000085000000, 0x0000000085000000, 0x0000000085100000|  0%| F|  |TAMS 0x0000000085000000| PB 0x0000000085000000| Untracked 
|  53|0x0000000085100000, 0x0000000085100000, 0x0000000085200000|  0%| F|  |TAMS 0x0000000085100000| PB 0x0000000085100000| Untracked 
|  54|0x0000000085200000, 0x0000000085200000, 0x0000000085300000|  0%| F|  |TAMS 0x0000000085200000| PB 0x0000000085200000| Untracked 
|  55|0x0000000085300000, 0x0000000085300000, 0x0000000085400000|  0%| F|  |TAMS 0x0000000085300000| PB 0x0000000085300000| Untracked 
|  56|0x0000000085400000, 0x0000000085400000, 0x0000000085500000|  0%| F|  |TAMS 0x0000000085400000| PB 0x0000000085400000| Untracked 
|  57|0x0000000085500000, 0x0000000085500000, 0x0000000085600000|  0%| F|  |TAMS 0x0000000085500000| PB 0x0000000085500000| Untracked 
|  58|0x0000000085600000, 0x0000000085600000, 0x0000000085700000|  0%| F|  |TAMS 0x0000000085600000| PB 0x0000000085600000| Untracked 
|  59|0x0000000085700000, 0x0000000085700000, 0x0000000085800000|  0%| F|  |TAMS 0x0000000085700000| PB 0x0000000085700000| Untracked 
|  60|0x0000000085800000, 0x0000000085800000, 0x0000000085900000|  0%| F|  |TAMS 0x0000000085800000| PB 0x0000000085800000| Untracked 
|  61|0x0000000085900000, 0x0000000085900000, 0x0000000085a00000|  0%| F|  |TAMS 0x0000000085900000| PB 0x0000000085900000| Untracked 
|  62|0x0000000085a00000, 0x0000000085a00000, 0x0000000085b00000|  0%| F|  |TAMS 0x0000000085a00000| PB 0x0000000085a00000| Untracked 
|  63|0x0000000085b00000, 0x0000000085b00000, 0x0000000085c00000|  0%| F|  |TAMS 0x0000000085b00000| PB 0x0000000085b00000| Untracked 
|  64|0x0000000085c00000, 0x0000000085c00000, 0x0000000085d00000|  0%| F|  |TAMS 0x0000000085c00000| PB 0x0000000085c00000| Untracked 
|  65|0x0000000085d00000, 0x0000000085d00000, 0x0000000085e00000|  0%| F|  |TAMS 0x0000000085d00000| PB 0x0000000085d00000| Untracked 
|  66|0x0000000085e00000, 0x0000000085e00000, 0x0000000085f00000|  0%| F|  |TAMS 0x0000000085e00000| PB 0x0000000085e00000| Untracked 
|  67|0x0000000085f00000, 0x0000000085f00000, 0x0000000086000000|  0%| F|  |TAMS 0x0000000085f00000| PB 0x0000000085f00000| Untracked 
|  68|0x0000000086000000, 0x0000000086000000, 0x0000000086100000|  0%| F|  |TAMS 0x0000000086000000| PB 0x0000000086000000| Untracked 
|  69|0x0000000086100000, 0x0000000086100000, 0x0000000086200000|  0%| F|  |TAMS 0x0000000086100000| PB 0x0000000086100000| Untracked 
|  70|0x0000000086200000, 0x0000000086200000, 0x0000000086300000|  0%| F|  |TAMS 0x0000000086200000| PB 0x0000000086200000| Untracked 
|  71|0x0000000086300000, 0x0000000086300000, 0x0000000086400000|  0%| F|  |TAMS 0x0000000086300000| PB 0x0000000086300000| Untracked 
|  72|0x0000000086400000, 0x0000000086400000, 0x0000000086500000|  0%| F|  |TAMS 0x0000000086400000| PB 0x0000000086400000| Untracked 
|  73|0x0000000086500000, 0x0000000086500000, 0x0000000086600000|  0%| F|  |TAMS 0x0000000086500000| PB 0x0000000086500000| Untracked 
|  74|0x0000000086600000, 0x0000000086600000, 0x0000000086700000|  0%| F|  |TAMS 0x0000000086600000| PB 0x0000000086600000| Untracked 
|  75|0x0000000086700000, 0x0000000086700000, 0x0000000086800000|  0%| F|  |TAMS 0x0000000086700000| PB 0x0000000086700000| Untracked 
|  76|0x0000000086800000, 0x0000000086800000, 0x0000000086900000|  0%| F|  |TAMS 0x0000000086800000| PB 0x0000000086800000| Untracked 
|  77|0x0000000086900000, 0x0000000086900000, 0x0000000086a00000|  0%| F|  |TAMS 0x0000000086900000| PB 0x0000000086900000| Untracked 
|  78|0x0000000086a00000, 0x0000000086a00000, 0x0000000086b00000|  0%| F|  |TAMS 0x0000000086a00000| PB 0x0000000086a00000| Untracked 
|  79|0x0000000086b00000, 0x0000000086b00000, 0x0000000086c00000|  0%| F|  |TAMS 0x0000000086b00000| PB 0x0000000086b00000| Untracked 
|  80|0x0000000086c00000, 0x0000000086c00000, 0x0000000086d00000|  0%| F|  |TAMS 0x0000000086c00000| PB 0x0000000086c00000| Untracked 
|  81|0x0000000086d00000, 0x0000000086d00000, 0x0000000086e00000|  0%| F|  |TAMS 0x0000000086d00000| PB 0x0000000086d00000| Untracked 
|  82|0x0000000086e00000, 0x0000000086e00000, 0x0000000086f00000|  0%| F|  |TAMS 0x0000000086e00000| PB 0x0000000086e00000| Untracked 
|  83|0x0000000086f00000, 0x0000000086f00000, 0x0000000087000000|  0%| F|  |TAMS 0x0000000086f00000| PB 0x0000000086f00000| Untracked 
|  84|0x0000000087000000, 0x0000000087000000, 0x0000000087100000|  0%| F|  |TAMS 0x0000000087000000| PB 0x0000000087000000| Untracked 
|  85|0x0000000087100000, 0x0000000087100000, 0x0000000087200000|  0%| F|  |TAMS 0x0000000087100000| PB 0x0000000087100000| Untracked 
|  86|0x0000000087200000, 0x0000000087200000, 0x0000000087300000|  0%| F|  |TAMS 0x0000000087200000| PB 0x0000000087200000| Untracked 
|  87|0x0000000087300000, 0x0000000087300000, 0x0000000087400000|  0%| F|  |TAMS 0x0000000087300000| PB 0x0000000087300000| Untracked 
|  88|0x0000000087400000, 0x0000000087400000, 0x0000000087500000|  0%| F|  |TAMS 0x0000000087400000| PB 0x0000000087400000| Untracked 
|  89|0x0000000087500000, 0x0000000087500000, 0x0000000087600000|  0%| F|  |TAMS 0x0000000087500000| PB 0x0000000087500000| Untracked 
|  90|0x0000000087600000, 0x0000000087600000, 0x0000000087700000|  0%| F|  |TAMS 0x0000000087600000| PB 0x0000000087600000| Untracked 
|  91|0x0000000087700000, 0x0000000087700000, 0x0000000087800000|  0%| F|  |TAMS 0x0000000087700000| PB 0x0000000087700000| Untracked 
|  92|0x0000000087800000, 0x0000000087800000, 0x0000000087900000|  0%| F|  |TAMS 0x0000000087800000| PB 0x0000000087800000| Untracked 
|  93|0x0000000087900000, 0x0000000087900000, 0x0000000087a00000|  0%| F|  |TAMS 0x0000000087900000| PB 0x0000000087900000| Untracked 
|  94|0x0000000087a00000, 0x0000000087a00000, 0x0000000087b00000|  0%| F|  |TAMS 0x0000000087a00000| PB 0x0000000087a00000| Untracked 
|  95|0x0000000087b00000, 0x0000000087b00000, 0x0000000087c00000|  0%| F|  |TAMS 0x0000000087b00000| PB 0x0000000087b00000| Untracked 
|  96|0x0000000087c00000, 0x0000000087c00000, 0x0000000087d00000|  0%| F|  |TAMS 0x0000000087c00000| PB 0x0000000087c00000| Untracked 
|  97|0x0000000087d00000, 0x0000000087d00000, 0x0000000087e00000|  0%| F|  |TAMS 0x0000000087d00000| PB 0x0000000087d00000| Untracked 
|  98|0x0000000087e00000, 0x0000000087e00000, 0x0000000087f00000|  0%| F|  |TAMS 0x0000000087e00000| PB 0x0000000087e00000| Untracked 
|  99|0x0000000087f00000, 0x0000000087f00000, 0x0000000088000000|  0%| F|  |TAMS 0x0000000087f00000| PB 0x0000000087f00000| Untracked 
| 100|0x0000000088000000, 0x0000000088000000, 0x0000000088100000|  0%| F|  |TAMS 0x0000000088000000| PB 0x0000000088000000| Untracked 
| 101|0x0000000088100000, 0x0000000088100000, 0x0000000088200000|  0%| F|  |TAMS 0x0000000088100000| PB 0x0000000088100000| Untracked 
| 102|0x0000000088200000, 0x0000000088200000, 0x0000000088300000|  0%| F|  |TAMS 0x0000000088200000| PB 0x0000000088200000| Untracked 
| 103|0x0000000088300000, 0x0000000088300000, 0x0000000088400000|  0%| F|  |TAMS 0x0000000088300000| PB 0x0000000088300000| Untracked 
| 104|0x0000000088400000, 0x0000000088400000, 0x0000000088500000|  0%| F|  |TAMS 0x0000000088400000| PB 0x0000000088400000| Untracked 
| 105|0x0000000088500000, 0x0000000088500000, 0x0000000088600000|  0%| F|  |TAMS 0x0000000088500000| PB 0x0000000088500000| Untracked 
| 106|0x0000000088600000, 0x0000000088600000, 0x0000000088700000|  0%| F|  |TAMS 0x0000000088600000| PB 0x0000000088600000| Untracked 
| 107|0x0000000088700000, 0x0000000088700000, 0x0000000088800000|  0%| F|  |TAMS 0x0000000088700000| PB 0x0000000088700000| Untracked 
| 108|0x0000000088800000, 0x0000000088800000, 0x0000000088900000|  0%| F|  |TAMS 0x0000000088800000| PB 0x0000000088800000| Untracked 
| 109|0x0000000088900000, 0x0000000088900000, 0x0000000088a00000|  0%| F|  |TAMS 0x0000000088900000| PB 0x0000000088900000| Untracked 
| 110|0x0000000088a00000, 0x0000000088a00000, 0x0000000088b00000|  0%| F|  |TAMS 0x0000000088a00000| PB 0x0000000088a00000| Untracked 
| 111|0x0000000088b00000, 0x0000000088b00000, 0x0000000088c00000|  0%| F|  |TAMS 0x0000000088b00000| PB 0x0000000088b00000| Untracked 
| 112|0x0000000088c00000, 0x0000000088c00000, 0x0000000088d00000|  0%| F|  |TAMS 0x0000000088c00000| PB 0x0000000088c00000| Untracked 
| 113|0x0000000088d00000, 0x0000000088e00000, 0x0000000088e00000|100%| S|CS|TAMS 0x0000000088d00000| PB 0x0000000088d00000| Complete 
| 114|0x0000000088e00000, 0x0000000088f00000, 0x0000000088f00000|100%| S|CS|TAMS 0x0000000088e00000| PB 0x0000000088e00000| Complete 
| 115|0x0000000088f00000, 0x0000000088f00000, 0x0000000089000000|  0%| F|  |TAMS 0x0000000088f00000| PB 0x0000000088f00000| Untracked 
| 116|0x0000000089000000, 0x0000000089000000, 0x0000000089100000|  0%| F|  |TAMS 0x0000000089000000| PB 0x0000000089000000| Untracked 
| 117|0x0000000089100000, 0x0000000089100000, 0x0000000089200000|  0%| F|  |TAMS 0x0000000089100000| PB 0x0000000089100000| Untracked 
| 118|0x0000000089200000, 0x0000000089200000, 0x0000000089300000|  0%| F|  |TAMS 0x0000000089200000| PB 0x0000000089200000| Untracked 
| 119|0x0000000089300000, 0x0000000089300000, 0x0000000089400000|  0%| F|  |TAMS 0x0000000089300000| PB 0x0000000089300000| Untracked 
| 120|0x0000000089400000, 0x0000000089400000, 0x0000000089500000|  0%| F|  |TAMS 0x0000000089400000| PB 0x0000000089400000| Untracked 
| 121|0x0000000089500000, 0x0000000089500000, 0x0000000089600000|  0%| F|  |TAMS 0x0000000089500000| PB 0x0000000089500000| Untracked 
| 122|0x0000000089600000, 0x0000000089600000, 0x0000000089700000|  0%| F|  |TAMS 0x0000000089600000| PB 0x0000000089600000| Untracked 
| 123|0x0000000089700000, 0x0000000089700000, 0x0000000089800000|  0%| F|  |TAMS 0x0000000089700000| PB 0x0000000089700000| Untracked 
| 124|0x0000000089800000, 0x0000000089800000, 0x0000000089900000|  0%| F|  |TAMS 0x0000000089800000| PB 0x0000000089800000| Untracked 
| 125|0x0000000089900000, 0x0000000089900000, 0x0000000089a00000|  0%| F|  |TAMS 0x0000000089900000| PB 0x0000000089900000| Untracked 
| 126|0x0000000089a00000, 0x0000000089ad2868, 0x0000000089b00000| 82%| E|  |TAMS 0x0000000089a00000| PB 0x0000000089a00000| Complete 
| 127|0x0000000089b00000, 0x0000000089c00000, 0x0000000089c00000|100%| E|CS|TAMS 0x0000000089b00000| PB 0x0000000089b00000| Complete 

Card table byte_map: [0x000002117d2e0000,0x000002117d6e0000] _byte_map_base: 0x000002117ced2000

Marking Bits: (CMBitMap*) 0x000002117ce70560
 Bits: [0x000002117d6e0000, 0x000002117f670000)

Polling page: 0x000002117ae00000

Metaspace:

Usage:
  Non-class:      7.09 MB used.
      Class:    944.98 KB used.
       Both:      8.02 MB used.

Virtual space:
  Non-class space:       64.00 MB reserved,       7.19 MB ( 11%) committed,  1 nodes.
      Class space:        1.00 GB reserved,       1.06 MB ( <1%) committed,  1 nodes.
             Both:        1.06 GB reserved,       8.25 MB ( <1%) committed. 

Chunk freelists:
   Non-Class:  8.39 MB
       Class:  14.98 MB
        Both:  23.37 MB

MaxMetaspaceSize: unlimited
CompressedClassSpaceSize: 1.00 GB
Initial GC threshold: 21.00 MB
Current GC threshold: 21.00 MB
CDS: on
 - commit_granule_bytes: 65536.
 - commit_granule_words: 8192.
 - virtual_space_node_default_size: 8388608.
 - enlarge_chunks_in_place: 1.
 - use_allocation_guard: 0.


Internal statistics:

num_allocs_failed_limit: 0.
num_arena_births: 226.
num_arena_deaths: 0.
num_vsnodes_births: 2.
num_vsnodes_deaths: 0.
num_space_committed: 132.
num_space_uncommitted: 0.
num_chunks_returned_to_freelist: 0.
num_chunks_taken_from_freelist: 381.
num_chunk_merges: 0.
num_chunk_splits: 222.
num_chunks_enlarged: 94.
num_inconsistent_stats: 0.

CodeHeap 'non-profiled nmethods': size=120000Kb used=395Kb max_used=395Kb free=119604Kb
 bounds [0x000002110ba40000, 0x000002110bcb0000, 0x0000021112f70000]
CodeHeap 'profiled nmethods': size=120000Kb used=1769Kb max_used=1769Kb free=118230Kb
 bounds [0x0000021103f70000, 0x00000211041e0000, 0x000002110b4a0000]
CodeHeap 'non-nmethods': size=5760Kb used=1424Kb max_used=1451Kb free=4335Kb
 bounds [0x000002110b4a0000, 0x000002110b710000, 0x000002110ba40000]
 total_blobs=1649 nmethods=1137 adapters=417
 compilation: enabled
              stopped_count=0, restarted_count=0
 full_count=0

Compilation events (20 events):
Event: 1.773 Thread 0x000002117fb52b50 1129       3       jdk.internal.org.objectweb.asm.ClassWriter::<init> (7 bytes)
Event: 1.773 Thread 0x000002117fb52b50 nmethod 1129 0x0000021104126590 code [0x0000021104126740, 0x0000021104126888]
Event: 1.773 Thread 0x000002117fb52b50 1130       3       jdk.internal.org.objectweb.asm.ClassWriter::<init> (73 bytes)
Event: 1.774 Thread 0x000002117fb52b50 nmethod 1130 0x0000021104126910 code [0x0000021104126b00, 0x0000021104126f98]
Event: 1.774 Thread 0x000002117fb52b50 1131       1       java.security.Provider::getName (5 bytes)
Event: 1.774 Thread 0x000002117fb52b50 nmethod 1131 0x000002110ba9f990 code [0x000002110ba9fb20, 0x000002110ba9fbe8]
Event: 1.776 Thread 0x000002117fb52b50 1132       3       sun.invoke.util.VerifyAccess::getClassModifiers (24 bytes)
Event: 1.777 Thread 0x000002117fb52b50 nmethod 1132 0x0000021104127110 code [0x00000211041272e0, 0x0000021104127518]
Event: 1.779 Thread 0x000002117fb52b50 1133       3       java.lang.Boolean::valueOf (14 bytes)
Event: 1.780 Thread 0x000002117fb52b50 nmethod 1133 0x0000021104127610 code [0x00000211041277c0, 0x0000021104127928]
Event: 1.782 Thread 0x000002117fb52b50 1134       3       java.lang.invoke.MethodHandles$Lookup::resolveOrFail (48 bytes)
Event: 1.783 Thread 0x000002117fb52b50 nmethod 1134 0x0000021104127990 code [0x0000021104127be0, 0x0000021104128290]
Event: 1.783 Thread 0x000002117fb52b50 1135       3       java.lang.invoke.MethodHandles$Lookup::checkMethodName (45 bytes)
Event: 1.783 Thread 0x000002117fb52b50 nmethod 1135 0x0000021104128590 code [0x00000211041287e0, 0x0000021104128ea8]
Event: 1.783 Thread 0x000002117fb52b50 1136       3       sun.security.ec.XECOperations::bitAt (23 bytes)
Event: 1.783 Thread 0x000002117fb52b50 nmethod 1136 0x0000021104129190 code [0x0000021104129340, 0x00000211041294d8]
Event: 1.783 Thread 0x000002117fb52b50 1137       3       sun.security.util.math.intpoly.IntegerPolynomial25519::reduce (40 bytes)
Event: 1.784 Thread 0x000002117fb52b50 nmethod 1137 0x0000021104129610 code [0x00000211041297e0, 0x0000021104129ae0]
Event: 1.784 Thread 0x000002117fb52b50 1138       3       sun.security.util.math.intpoly.IntegerPolynomial25519::carryReduce (391 bytes)
Event: 1.784 Thread 0x000002117fb52b50 nmethod 1138 0x0000021104129c90 code [0x0000021104129e40, 0x000002110412a2a0]

GC Heap History (2 events):
Event: 1.463 GC heap before
{Heap before GC invocations=0 (full 0):
 garbage-first heap   total 131072K, used 13312K [0x0000000081c00000, 0x0000000100000000)
  region size 1024K, 13 young (13312K), 0 survivors (0K)
 Metaspace       used 7694K, committed 7872K, reserved 1114112K
  class space    used 884K, committed 960K, reserved 1048576K
}
Event: 1.476 GC heap after
{Heap after GC invocations=1 (full 0):
 garbage-first heap   total 131072K, used 2350K [0x0000000081c00000, 0x0000000100000000)
  region size 1024K, 2 young (2048K), 2 survivors (2048K)
 Metaspace       used 7694K, committed 7872K, reserved 1114112K
  class space    used 884K, committed 960K, reserved 1048576K
}

Dll operation events (2 events):
Event: 0.083 Loaded shared library C:\Program Files\JetBrains\IntelliJ IDEA 2025.1.1.1\jbr\bin\java.dll
Event: 0.211 Loaded shared library C:\Program Files\JetBrains\IntelliJ IDEA 2025.1.1.1\jbr\bin\zip.dll

Deoptimization events (20 events):
Event: 1.783 Thread 0x000002115b0b2540 Uncommon trap: trap_request=0xffffff66 fr.pc=0x000002110ba9c294 relative=0x0000000000000334
Event: 1.783 Thread 0x000002115b0b2540 Uncommon trap: reason=speculate_class_check action=maybe_recompile pc=0x000002110ba9c294 method=sun.security.util.math.intpoly.IntegerPolynomial.multByInt([JJ)V @ 26 c2
Event: 1.783 Thread 0x000002115b0b2540 DEOPT PACKING pc=0x000002110ba9c294 sp=0x000000e8fb0fe1b0
Event: 1.783 Thread 0x000002115b0b2540 DEOPT UNPACKING pc=0x000002110b4f46a2 sp=0x000000e8fb0fe098 mode 2
Event: 1.783 Thread 0x000002115b0b2540 Uncommon trap: trap_request=0xffffff66 fr.pc=0x000002110ba9c294 relative=0x0000000000000334
Event: 1.783 Thread 0x000002115b0b2540 Uncommon trap: reason=speculate_class_check action=maybe_recompile pc=0x000002110ba9c294 method=sun.security.util.math.intpoly.IntegerPolynomial.multByInt([JJ)V @ 26 c2
Event: 1.783 Thread 0x000002115b0b2540 DEOPT PACKING pc=0x000002110ba9c294 sp=0x000000e8fb0fe1b0
Event: 1.783 Thread 0x000002115b0b2540 DEOPT UNPACKING pc=0x000002110b4f46a2 sp=0x000000e8fb0fe098 mode 2
Event: 1.783 Thread 0x000002115b0b2540 Uncommon trap: trap_request=0xffffff66 fr.pc=0x000002110ba9c294 relative=0x0000000000000334
Event: 1.783 Thread 0x000002115b0b2540 Uncommon trap: reason=speculate_class_check action=maybe_recompile pc=0x000002110ba9c294 method=sun.security.util.math.intpoly.IntegerPolynomial.multByInt([JJ)V @ 26 c2
Event: 1.783 Thread 0x000002115b0b2540 DEOPT PACKING pc=0x000002110ba9c294 sp=0x000000e8fb0fe1b0
Event: 1.783 Thread 0x000002115b0b2540 DEOPT UNPACKING pc=0x000002110b4f46a2 sp=0x000000e8fb0fe098 mode 2
Event: 1.783 Thread 0x000002115b0b2540 Uncommon trap: trap_request=0xffffff66 fr.pc=0x000002110ba9d494 relative=0x0000000000000334
Event: 1.783 Thread 0x000002115b0b2540 Uncommon trap: reason=speculate_class_check action=maybe_recompile pc=0x000002110ba9d494 method=sun.security.util.math.intpoly.IntegerPolynomial.multByInt([JJ)V @ 26 c2
Event: 1.783 Thread 0x000002115b0b2540 DEOPT PACKING pc=0x000002110ba9d494 sp=0x000000e8fb0fe140
Event: 1.783 Thread 0x000002115b0b2540 DEOPT UNPACKING pc=0x000002110b4f46a2 sp=0x000000e8fb0fe090 mode 2
Event: 1.783 Thread 0x000002115b0b2540 Uncommon trap: trap_request=0xffffff66 fr.pc=0x000002110ba9d494 relative=0x0000000000000334
Event: 1.783 Thread 0x000002115b0b2540 Uncommon trap: reason=speculate_class_check action=maybe_recompile pc=0x000002110ba9d494 method=sun.security.util.math.intpoly.IntegerPolynomial.multByInt([JJ)V @ 26 c2
Event: 1.783 Thread 0x000002115b0b2540 DEOPT PACKING pc=0x000002110ba9d494 sp=0x000000e8fb0fe140
Event: 1.783 Thread 0x000002115b0b2540 DEOPT UNPACKING pc=0x000002110b4f46a2 sp=0x000000e8fb0fe090 mode 2

Classes loaded (20 events):
Event: 1.776 Loading class java/security/spec/X509EncodedKeySpec done
Event: 1.778 Loading class sun/security/ssl/XDHKeyExchange
Event: 1.778 Loading class sun/security/ssl/XDHKeyExchange done
Event: 1.778 Loading class sun/security/ssl/XDHKeyExchange$XDHEKAGenerator
Event: 1.779 Loading class sun/security/ssl/XDHKeyExchange$XDHEKAGenerator done
Event: 1.779 Loading class sun/security/ssl/KAKeyDerivation
Event: 1.779 Loading class sun/security/ssl/KAKeyDerivation done
Event: 1.780 Loading class javax/crypto/KeyAgreementSpi
Event: 1.780 Loading class javax/crypto/KeyAgreementSpi done
Event: 1.780 Loading class javax/crypto/ShortBufferException
Event: 1.780 Loading class javax/crypto/ShortBufferException done
Event: 1.780 Loading class javax/crypto/SecretKey
Event: 1.780 Loading class javax/crypto/SecretKey done
Event: 1.785 Loading class javax/crypto/spec/SecretKeySpec
Event: 1.785 Loading class javax/crypto/spec/SecretKeySpec done
Event: 1.785 Loading class jdk/internal/access/JavaxCryptoSpecAccess
Event: 1.785 Loading class jdk/internal/access/JavaxCryptoSpecAccess done
Event: 1.785 Loading class sun/security/ssl/HKDF
Event: 1.786 Loading class sun/security/ssl/HKDF done
Event: 1.786 Loading class javax/crypto/Mac

Classes unloaded (0 events):
No events

Classes redefined (0 events):
No events

Internal exceptions (20 events):
Event: 0.821 Thread 0x000002117ce19830 Exception <a 'java/lang/NoSuchMethodError'{0x0000000089521dd8}: 'int java.lang.invoke.DirectMethodHandle$Holder.invokeStaticInit(java.lang.Object, long, long)'> (0x0000000089521dd8) 
thrown [s\src\hotspot\share\interpreter\linkResolver.cpp, line 784]
Event: 0.823 Thread 0x000002117ce19830 Exception <a 'java/lang/NoSuchMethodError'{0x0000000089528870}: 'int java.lang.invoke.DirectMethodHandle$Holder.invokeStaticInit(java.lang.Object, float, float)'> (0x0000000089528870) 
thrown [s\src\hotspot\share\interpreter\linkResolver.cpp, line 784]
Event: 0.825 Thread 0x000002117ce19830 Exception <a 'java/lang/NoSuchMethodError'{0x000000008952f300}: 'int java.lang.invoke.DirectMethodHandle$Holder.invokeStaticInit(java.lang.Object, double, double)'> (0x000000008952f300) 
thrown [s\src\hotspot\share\interpreter\linkResolver.cpp, line 784]
Event: 0.826 Thread 0x000002117ce19830 Exception <a 'java/lang/NoSuchMethodError'{0x0000000089533988}: 'int java.lang.invoke.DirectMethodHandle$Holder.invokeStatic(java.lang.Object, long)'> (0x0000000089533988) 
thrown [s\src\hotspot\share\interpreter\linkResolver.cpp, line 784]
Event: 0.847 Thread 0x000002117ce19830 Exception <a 'java/lang/NoSuchMethodError'{0x000000008955d750}: 'java.lang.Object java.lang.invoke.DirectMethodHandle$Holder.invokeSpecial(java.lang.Object, java.lang.Object, int, java.lang.Object, java.lang.Object)'> (0x000000008955d750) 
thrown [s\src\hotspot\share\interpreter\linkResolver.cpp, line 784]
Event: 0.848 Thread 0x000002117ce19830 Exception <a 'java/lang/NoSuchMethodError'{0x00000000895610e0}: 'java.lang.Object java.lang.invoke.DelegatingMethodHandle$Holder.delegate(java.lang.Object, int, java.lang.Object, java.lang.Object)'> (0x00000000895610e0) 
thrown [s\src\hotspot\share\interpreter\linkResolver.cpp, line 784]
Event: 0.880 Thread 0x000002117ce19830 Exception <a 'java/lang/NoSuchMethodError'{0x0000000089570400}: 'int java.lang.invoke.Invokers$Holder.linkToTargetMethod(java.lang.Object, java.lang.Object, java.lang.Object)'> (0x0000000089570400) 
thrown [s\src\hotspot\share\interpreter\linkResolver.cpp, line 784]
Event: 0.896 Thread 0x000002117ce19830 Exception <a 'java/lang/NoSuchMethodError'{0x00000000895a22e8}: 'long java.lang.invoke.DirectMethodHandle$Holder.invokeSpecial(java.lang.Object, java.lang.Object)'> (0x00000000895a22e8) 
thrown [s\src\hotspot\share\interpreter\linkResolver.cpp, line 784]
Event: 0.898 Thread 0x000002117ce19830 Exception <a 'java/lang/NoSuchMethodError'{0x00000000895a8bb8}: 'int java.lang.invoke.DirectMethodHandle$Holder.invokeStatic(java.lang.Object, java.lang.Object, java.lang.Object, java.lang.Object)'> (0x00000000895a8bb8) 
thrown [s\src\hotspot\share\interpreter\linkResolver.cpp, line 784]
Event: 0.898 Thread 0x000002117ce19830 Exception <a 'java/lang/NoSuchMethodError'{0x00000000895abfd8}: 'java.lang.Object java.lang.invoke.Invokers$Holder.invokeExact_MT(java.lang.Object, java.lang.Object, java.lang.Object, java.lang.Object, java.lang.Object, java.lang.Object)'> (0x00000000895abfd8) 
thrown [s\src\hotspot\share\interpreter\linkResolver.cpp, line 784]
Event: 1.089 Thread 0x000002117ce19830 Exception <a 'java/lang/NoSuchMethodError'{0x00000000893caa60}: 'java.lang.Object java.lang.invoke.DirectMethodHandle$Holder.newInvokeSpecial(java.lang.Object, java.lang.Object, java.lang.Object, java.lang.Object, java.lang.Object)'> (0x00000000893caa60) 
thrown [s\src\hotspot\share\interpreter\linkResolver.cpp, line 784]
Event: 1.200 Thread 0x000002117ce19830 Exception <a 'java/lang/NoSuchMethodError'{0x00000000891840d8}: 'java.lang.Object java.lang.invoke.DirectMethodHandle$Holder.invokeSpecial(java.lang.Object, java.lang.Object, java.lang.Object, java.lang.Object, int)'> (0x00000000891840d8) 
thrown [s\src\hotspot\share\interpreter\linkResolver.cpp, line 784]
Event: 1.200 Thread 0x000002117ce19830 Exception <a 'java/lang/NoSuchMethodError'{0x0000000089187d68}: 'java.lang.Object java.lang.invoke.Invokers$Holder.linkToTargetMethod(java.lang.Object, java.lang.Object, int, java.lang.Object)'> (0x0000000089187d68) 
thrown [s\src\hotspot\share\interpreter\linkResolver.cpp, line 784]
Event: 1.216 Thread 0x000002117ce19830 Exception <a 'java/lang/NoSuchMethodError'{0x00000000891b5e10}: 'void java.lang.invoke.DirectMethodHandle$Holder.invokeSpecial(java.lang.Object, java.lang.Object, java.lang.Object)'> (0x00000000891b5e10) 
thrown [s\src\hotspot\share\interpreter\linkResolver.cpp, line 784]
Event: 1.260 Thread 0x0000021156498670 Exception <a 'java/lang/NoSuchMethodError'{0x00000000893f1698}: 'void java.lang.invoke.DirectMethodHandle$Holder.invokeStatic(java.lang.Object, java.lang.Object, int)'> (0x00000000893f1698) 
thrown [s\src\hotspot\share\interpreter\linkResolver.cpp, line 784]
Event: 1.262 Thread 0x000002117ce19830 Exception <a 'java/lang/NoSuchMethodError'{0x0000000089046d80}: 'void java.lang.invoke.DirectMethodHandle$Holder.invokeSpecial(java.lang.Object, java.lang.Object, java.lang.Object, java.lang.Object, java.lang.Object)'> (0x0000000089046d80) 
thrown [s\src\hotspot\share\interpreter\linkResolver.cpp, line 784]
Event: 1.281 Thread 0x0000021156498670 Exception <a 'java/lang/NoSuchMethodError'{0x00000000890b08f0}: 'void java.lang.invoke.DirectMethodHandle$Holder.invokeStatic(java.lang.Object, java.lang.Object)'> (0x00000000890b08f0) 
thrown [s\src\hotspot\share\interpreter\linkResolver.cpp, line 784]
Event: 1.312 Thread 0x000002115b0b2540 Exception <a 'java/lang/NoSuchMethodError'{0x00000000890ebdc0}: 'void java.lang.invoke.DirectMethodHandle$Holder.invokeInterface(java.lang.Object, java.lang.Object, java.lang.Object)'> (0x00000000890ebdc0) 
thrown [s\src\hotspot\share\interpreter\linkResolver.cpp, line 784]
Event: 1.342 Thread 0x000002115b0b2540 Exception <a 'java/lang/NoSuchMethodError'{0x0000000088f3a0c0}: 'void java.lang.invoke.DirectMethodHandle$Holder.invokeVirtual(java.lang.Object, java.lang.Object)'> (0x0000000088f3a0c0) 
thrown [s\src\hotspot\share\interpreter\linkResolver.cpp, line 784]
Event: 1.772 Thread 0x000002115b0b2540 Exception <a 'java/lang/NoSuchMethodError'{0x0000000089a73ee8}: 'void java.lang.invoke.DirectMethodHandle$Holder.invokeInterface(java.lang.Object, java.lang.Object)'> (0x0000000089a73ee8) 
thrown [s\src\hotspot\share\interpreter\linkResolver.cpp, line 784]

ZGC Phase Switch (0 events):
No events

VM Operations (12 events):
Event: 0.236 Executing VM operation: HandshakeAllThreads (Deoptimize)
Event: 0.236 Executing VM operation: HandshakeAllThreads (Deoptimize) done
Event: 0.265 Executing VM operation: HandshakeAllThreads (Deoptimize)
Event: 0.265 Executing VM operation: HandshakeAllThreads (Deoptimize) done
Event: 0.686 Executing VM operation: HandshakeAllThreads (Deoptimize)
Event: 0.686 Executing VM operation: HandshakeAllThreads (Deoptimize) done
Event: 1.264 Executing VM operation: HandshakeAllThreads (Deoptimize)
Event: 1.264 Executing VM operation: HandshakeAllThreads (Deoptimize) done
Event: 1.264 Executing VM operation: Cleanup
Event: 1.265 Executing VM operation: Cleanup done
Event: 1.463 Executing VM operation: G1CollectForAllocation (G1 Evacuation Pause)
Event: 1.476 Executing VM operation: G1CollectForAllocation (G1 Evacuation Pause) done

Memory protections (0 events):
No events

Nmethod flushes (0 events):
No events

Events (20 events):
Event: 0.149 Thread 0x000002117ce19830 Thread added: 0x000002117fb40e70
Event: 0.149 Thread 0x000002117ce19830 Thread added: 0x000002117fb42df0
Event: 0.150 Thread 0x000002117ce19830 Thread added: 0x000002117fb48680
Event: 0.150 Thread 0x000002117ce19830 Thread added: 0x000002117fb490d0
Event: 0.150 Thread 0x000002117ce19830 Thread added: 0x000002117fb49b20
Event: 0.150 Thread 0x000002117ce19830 Thread added: 0x000002117fb4a570
Event: 0.150 Thread 0x000002117ce19830 Thread added: 0x000002117fb4b2f0
Event: 0.154 Thread 0x000002117ce19830 Thread added: 0x000002117fb52b50
Event: 0.208 Thread 0x000002117ce19830 Thread added: 0x000002115622b2d0
Event: 0.214 Thread 0x000002117ce19830 Thread added: 0x0000021156239b20
Event: 0.220 Loaded shared library C:\Program Files\JetBrains\IntelliJ IDEA 2025.1.1.1\jbr\bin\net.dll
Event: 0.223 Loaded shared library C:\Program Files\JetBrains\IntelliJ IDEA 2025.1.1.1\jbr\bin\nio.dll
Event: 0.228 Loaded shared library C:\Program Files\JetBrains\IntelliJ IDEA 2025.1.1.1\jbr\bin\zip.dll
Event: 0.472 Loaded shared library C:\Program Files\JetBrains\IntelliJ IDEA 2025.1.1.1\jbr\bin\jimage.dll
Event: 0.983 Loaded shared library C:\Program Files\JetBrains\IntelliJ IDEA 2025.1.1.1\jbr\bin\sunmscapi.dll
Event: 1.059 Loaded shared library C:\Program Files\JetBrains\IntelliJ IDEA 2025.1.1.1\jbr\bin\extnet.dll
Event: 1.074 Thread 0x000002117ce19830 Thread added: 0x0000021156498670
Event: 1.280 Thread 0x0000021156498670 Thread added: 0x000002115b0b2540
Event: 1.360 Thread 0x0000021156498670 Thread added: 0x000002115b1c6270
Event: 1.513 Thread 0x000002117fb52b50 Thread added: 0x000002115b0d8500


Dynamic libraries:
0x00007ff7e7380000 - 0x00007ff7e738a000 	C:\Program Files\JetBrains\IntelliJ IDEA 2025.1.1.1\jbr\bin\java.exe
0x00007ff9ec060000 - 0x00007ff9ec2c7000 	C:\WINDOWS\SYSTEM32\ntdll.dll
0x00007ff9e9e80000 - 0x00007ff9e9f49000 	C:\WINDOWS\System32\KERNEL32.DLL
0x00007ff9e9530000 - 0x00007ff9e9920000 	C:\WINDOWS\System32\KERNELBASE.dll
0x00007ff9e9930000 - 0x00007ff9e9a7b000 	C:\WINDOWS\System32\ucrtbase.dll
0x00007ff9c76b0000 - 0x00007ff9c76c8000 	C:\Program Files\JetBrains\IntelliJ IDEA 2025.1.1.1\jbr\bin\jli.dll
0x00007ff9eaa50000 - 0x00007ff9eac15000 	C:\WINDOWS\System32\USER32.dll
0x00007ff9e9190000 - 0x00007ff9e91b7000 	C:\WINDOWS\System32\win32u.dll
0x00007ff9ebff0000 - 0x00007ff9ec01b000 	C:\WINDOWS\System32\GDI32.dll
0x00007ff9e9c00000 - 0x00007ff9e9d38000 	C:\WINDOWS\System32\gdi32full.dll
0x00007ff9dd110000 - 0x00007ff9dd12b000 	C:\Program Files\JetBrains\IntelliJ IDEA 2025.1.1.1\jbr\bin\VCRUNTIME140.dll
0x00007ff9e9d40000 - 0x00007ff9e9de3000 	C:\WINDOWS\System32\msvcp_win.dll
0x00007ff9d62d0000 - 0x00007ff9d656a000 	C:\WINDOWS\WinSxS\amd64_microsoft.windows.common-controls_6595b64144ccf1df_6.0.26100.4768_none_3e0c112ce331287c\COMCTL32.dll
0x00007ff9eac20000 - 0x00007ff9eacc9000 	C:\WINDOWS\System32\msvcrt.dll
0x00007ff9ebbf0000 - 0x00007ff9ebc1f000 	C:\WINDOWS\System32\IMM32.DLL
0x00007ff9e3920000 - 0x00007ff9e392c000 	C:\Program Files\JetBrains\IntelliJ IDEA 2025.1.1.1\jbr\bin\vcruntime140_1.dll
0x00007ff9b7da0000 - 0x00007ff9b7e2d000 	C:\Program Files\JetBrains\IntelliJ IDEA 2025.1.1.1\jbr\bin\msvcp140.dll
0x00007ff953130000 - 0x00007ff953ef1000 	C:\Program Files\JetBrains\IntelliJ IDEA 2025.1.1.1\jbr\bin\server\jvm.dll
0x00007ff9e9f70000 - 0x00007ff9ea024000 	C:\WINDOWS\System32\ADVAPI32.dll
0x00007ff9ebc40000 - 0x00007ff9ebce6000 	C:\WINDOWS\System32\sechost.dll
0x00007ff9ebed0000 - 0x00007ff9ebfe8000 	C:\WINDOWS\System32\RPCRT4.dll
0x00007ff9eb040000 - 0x00007ff9eb0b4000 	C:\WINDOWS\System32\WS2_32.dll
0x00007ff9e8ff0000 - 0x00007ff9e904e000 	C:\WINDOWS\SYSTEM32\POWRPROF.dll
0x00007ff9d3b30000 - 0x00007ff9d3b65000 	C:\WINDOWS\SYSTEM32\WINMM.dll
0x00007ff9dd890000 - 0x00007ff9dd89b000 	C:\WINDOWS\SYSTEM32\VERSION.dll
0x00007ff9e8fd0000 - 0x00007ff9e8fe4000 	C:\WINDOWS\SYSTEM32\UMPDC.dll
0x00007ff9e7ed0000 - 0x00007ff9e7eeb000 	C:\WINDOWS\SYSTEM32\kernel.appcore.dll
0x00007ff9dd100000 - 0x00007ff9dd10a000 	C:\Program Files\JetBrains\IntelliJ IDEA 2025.1.1.1\jbr\bin\jimage.dll
0x00007ff9e6800000 - 0x00007ff9e6a41000 	C:\WINDOWS\SYSTEM32\DBGHELP.DLL
0x00007ff9eb810000 - 0x00007ff9ebb95000 	C:\WINDOWS\System32\combase.dll
0x00007ff9eacd0000 - 0x00007ff9eadb0000 	C:\WINDOWS\System32\OLEAUT32.dll
0x00007ff9ba810000 - 0x00007ff9ba853000 	C:\WINDOWS\SYSTEM32\dbgcore.DLL
0x00007ff9e91c0000 - 0x00007ff9e9259000 	C:\WINDOWS\System32\bcryptPrimitives.dll
0x00007ff9d33e0000 - 0x00007ff9d3400000 	C:\Program Files\JetBrains\IntelliJ IDEA 2025.1.1.1\jbr\bin\java.dll
0x00007ff9eb0c0000 - 0x00007ff9eb80d000 	C:\WINDOWS\System32\SHELL32.dll
0x00007ff9e9260000 - 0x00007ff9e93d3000 	C:\WINDOWS\System32\wintypes.dll
0x00007ff9e6d50000 - 0x00007ff9e75b0000 	C:\WINDOWS\SYSTEM32\windows.storage.dll
0x00007ff9eae40000 - 0x00007ff9eaf35000 	C:\WINDOWS\System32\SHCORE.dll
0x00007ff9ebe60000 - 0x00007ff9ebeca000 	C:\WINDOWS\System32\shlwapi.dll
0x00007ff9e90b0000 - 0x00007ff9e90d9000 	C:\WINDOWS\SYSTEM32\profapi.dll
0x00007ff9d3360000 - 0x00007ff9d3378000 	C:\Program Files\JetBrains\IntelliJ IDEA 2025.1.1.1\jbr\bin\zip.dll
0x00007ff9dceb0000 - 0x00007ff9dcec0000 	C:\Program Files\JetBrains\IntelliJ IDEA 2025.1.1.1\jbr\bin\net.dll
0x00007ff9dad70000 - 0x00007ff9dae8e000 	C:\WINDOWS\SYSTEM32\WINHTTP.dll
0x00007ff9e8440000 - 0x00007ff9e84ab000 	C:\WINDOWS\system32\mswsock.dll
0x00007ff9d2b20000 - 0x00007ff9d2b36000 	C:\Program Files\JetBrains\IntelliJ IDEA 2025.1.1.1\jbr\bin\nio.dll
0x00007ff9e8820000 - 0x00007ff9e883b000 	C:\WINDOWS\SYSTEM32\CRYPTSP.dll
0x00007ff9e7e30000 - 0x00007ff9e7e6b000 	C:\WINDOWS\system32\rsaenh.dll
0x00007ff9e84e0000 - 0x00007ff9e850b000 	C:\WINDOWS\SYSTEM32\USERENV.dll
0x00007ff9e9080000 - 0x00007ff9e90a6000 	C:\WINDOWS\SYSTEM32\bcrypt.dll
0x00007ff9e8680000 - 0x00007ff9e868c000 	C:\WINDOWS\SYSTEM32\CRYPTBASE.dll
0x00007ff9e7970000 - 0x00007ff9e79a3000 	C:\WINDOWS\SYSTEM32\IPHLPAPI.DLL
0x00007ff9ea860000 - 0x00007ff9ea86a000 	C:\WINDOWS\System32\NSI.dll
0x00007ff9d7110000 - 0x00007ff9d711e000 	C:\Program Files\JetBrains\IntelliJ IDEA 2025.1.1.1\jbr\bin\sunmscapi.dll
0x00007ff9e9a80000 - 0x00007ff9e9bf7000 	C:\WINDOWS\System32\CRYPT32.dll
0x00007ff9e8980000 - 0x00007ff9e89b0000 	C:\WINDOWS\SYSTEM32\ncrypt.dll
0x00007ff9e8930000 - 0x00007ff9e896f000 	C:\WINDOWS\SYSTEM32\NTASN1.dll
0x00007ff9daa50000 - 0x00007ff9daa58000 	C:\WINDOWS\system32\wshunix.dll
0x00007ff9d33d0000 - 0x00007ff9d33d9000 	C:\Program Files\JetBrains\IntelliJ IDEA 2025.1.1.1\jbr\bin\extnet.dll

dbghelp: loaded successfully - version: 4.0.5 - missing functions: none
symbol engine: initialized successfully - sym options: 0x614 - pdb path: .;C:\Program Files\JetBrains\IntelliJ IDEA 2025.1.1.1\jbr\bin;C:\WINDOWS\SYSTEM32;C:\WINDOWS\WinSxS\amd64_microsoft.windows.common-controls_6595b64144ccf1df_6.0.26100.4768_none_3e0c112ce331287c;C:\Program Files\JetBrains\IntelliJ IDEA 2025.1.1.1\jbr\bin\server

VM Arguments:
java_command: git4idea.http.GitAskPassApp Password for 'https://matheuskaiky@github.com': 
java_class_path (initial): C:/Program Files/JetBrains/IntelliJ IDEA 2025.1.1.1/plugins/vcs-git/lib/git4idea-rt.jar;C:/Program Files/JetBrains/IntelliJ IDEA 2025.1.1.1/lib/externalProcess-rt.jar
Launcher Type: SUN_STANDARD

[Global flags]
     intx CICompilerCount                          = 3                                         {product} {ergonomic}
     uint ConcGCThreads                            = 1                                         {product} {ergonomic}
     uint G1ConcRefinementThreads                  = 4                                         {product} {ergonomic}
   size_t G1HeapRegionSize                         = 1048576                                   {product} {ergonomic}
    uintx GCDrainStackTargetSize                   = 64                                        {product} {ergonomic}
   size_t InitialHeapSize                          = 134217728                                 {product} {ergonomic}
   size_t MarkStackSize                            = 4194304                                   {product} {ergonomic}
   size_t MaxHeapSize                              = 2118123520                                {product} {ergonomic}
   size_t MaxNewSize                               = 1270874112                                {product} {ergonomic}
   size_t MinHeapDeltaBytes                        = 1048576                                   {product} {ergonomic}
   size_t MinHeapSize                              = 8388608                                   {product} {ergonomic}
    uintx NonNMethodCodeHeapSize                   = 5832780                                {pd product} {ergonomic}
    uintx NonProfiledCodeHeapSize                  = 122912730                              {pd product} {ergonomic}
    uintx ProfiledCodeHeapSize                     = 122912730                              {pd product} {ergonomic}
    uintx ReservedCodeCacheSize                    = 251658240                              {pd product} {ergonomic}
     bool SegmentedCodeCache                       = true                                      {product} {ergonomic}
   size_t SoftMaxHeapSize                          = 2118123520                             {manageable} {ergonomic}
     bool UseCompressedOops                        = true                           {product lp64_product} {ergonomic}
     bool UseG1GC                                  = true                                      {product} {ergonomic}
     bool UseLargePagesIndividualAllocation        = false                                  {pd product} {ergonomic}

Logging:
Log output configuration:
 #0: stdout all=warning uptime,level,tags foldmultilines=false
 #1: stderr all=off uptime,level,tags foldmultilines=false

Environment Variables:
JAVA_HOME=C:\Program Files\Java\jdk-23\bin\javac.exe
PATH=C:\Program Files\Git\mingw64\libexec\git-core;C:\Program Files\Git\mingw64\libexec\git-core;C:\Program Files\Git\mingw64\bin;C:\Program Files\Git\usr\bin;C:\Users\mathe\bin;C:\Program Files\Common Files\Oracle\Java\javapath;C:\WINDOWS\system32;C:\WINDOWS;C:\WINDOWS\System32\Wbem;C:\WINDOWS\System32\WindowsPowerShell\v1.0;C:\WINDOWS\System32\OpenSSH;C:\Program Files\dotnet;C:\Program Files\Git\cmd;C:\Program Files (x86)\Intel\Intel(R) Management Engine Components\DAL;C:\Program Files\Intel\Intel(R) Management Engine Components\DAL;C:\Users\mathe\AppData\Roaming\fnm\node-versions\v22.15.0\installation;C:\Program Files\Common Files\Autodesk Shared;C:\Program Files\Microsoft SQL Server\150\Tools\Binn;C:\Program Files\GitHub CLI;C:\Program Files\Docker\Docker\resources\bin;C:\Program Files\Cloudflare\Cloudflare WARP;C:\Users\mathe\AppData\Local\Programs\Python\Python313\Scripts;C:\Users\mathe\AppData\Local\Programs\Python\Python313;C:\Users\mathe\AppData\Local\Programs\Python\Launcher;C:\Users\mathe\AppData\Local\Microsoft\WindowsApps;C:\Users\mathe\AppData\Local\Programs\Microsoft VS Code\bin;
USERNAME=mathe
DISPLAY=:0.0
LC_ALL=en_US.UTF-8
TERM=xterm-256color
TMPDIR=C:\Users\mathe\AppData\Local\Temp
OS=Windows_NT
PROCESSOR_IDENTIFIER=Intel64 Family 6 Model 142 Stepping 9, GenuineIntel
TMP=C:\Users\mathe\AppData\Local\Temp
TEMP=C:\Users\mathe\AppData\Local\Temp




Periodic native trim disabled

JNI global refs:
JNI global refs: 19, weak refs: 0

JNI global refs memory usage: 835, weak refs: 833

Process memory usage:
Resident Set Size: 81820K (0% of 8266728K total physical memory with 887692K free physical memory)

OOME stack traces (most recent first):
Classloader memory used:
Loader bootstrap                                                                       : 6567K
Loader jdk.internal.loader.ClassLoaders$PlatformClassLoader                            : 1625K
Loader jdk.internal.loader.ClassLoaders$AppClassLoader                                 : 16400B

---------------  S Y S T E M  ---------------

OS:
 Windows 11 , 64 bit Build 26100 (10.0.26100.4768)
OS uptime: 1 days 15:41 hours
Hyper-V role detected

CPU: total 4 (initial active 4) (2 cores per cpu, 2 threads per core) family 6 model 142 stepping 9 microcode 0xf6, cx8, cmov, fxsr, ht, mmx, 3dnowpref, sse, sse2, sse3, ssse3, sse4.1, sse4.2, popcnt, lzcnt, tsc, tscinvbit, avx, avx2, aes, erms, clmul, bmi1, bmi2, rtm, adx, fma, vzeroupper, clflush, clflushopt, hv, rdtscp, f16c
Processor Information for the first 4 processors :
  Max Mhz: 2701, Current Mhz: 2701, Mhz Limit: 2701

Memory: 4k page, system-wide physical 8072M (866M free)
TotalPageFile size 14072M (AvailPageFile size 4M)
current process WorkingSet (physical memory assigned to process): 80M, peak: 80M
current process commit charge ("private bytes"): 220M, peak: 221M

vm_info: OpenJDK 64-Bit Server VM (21.0.6+9-b895.109) for windows-amd64 JRE (21.0.6+9-b895.109), built on 2025-03-26 by "builduser" with MS VC++ 16.10 / 16.11 (VS2019)

END.
